{"/Users/isaacclark/Desktop/Open University/Year 3/TM470 - The computing and IT project/Leisure Centre PWA/Implementation/LCMS/Server-API/ServerError.ts": {"path":"/Users/isaacclark/Desktop/Open University/Year 3/TM470 - The computing and IT project/Leisure Centre PWA/Implementation/LCMS/Server-API/ServerError.ts","statementMap":{"0":{"start":{"line":5,"column":4},"end":{"line":5,"column":19}},"1":{"start":{"line":6,"column":4},"end":{"line":6,"column":33}},"2":{"start":{"line":7,"column":4},"end":{"line":7,"column":30}},"3":{"start":{"line":11,"column":0},"end":{"line":11,"column":27}}},"fnMap":{"0":{"name":"(anonymous_0)","decl":{"start":{"line":4,"column":2},"end":{"line":4,"column":14}},"loc":{"start":{"line":4,"column":49},"end":{"line":8,"column":3}}}},"branchMap":{},"s":{"0":228,"1":228,"2":228,"3":5},"f":{"0":228},"b":{}}
,"/Users/isaacclark/Desktop/Open University/Year 3/TM470 - The computing and IT project/Leisure Centre PWA/Implementation/LCMS/Server-API/src/Cleaning/API/CleaningTask.ts": {"path":"/Users/isaacclark/Desktop/Open University/Year 3/TM470 - The computing and IT project/Leisure Centre PWA/Implementation/LCMS/Server-API/src/Cleaning/API/CleaningTask.ts","statementMap":{"0":{"start":{"line":1,"column":0},"end":{"line":1,"column":47}},"1":{"start":{"line":2,"column":0},"end":{"line":2,"column":43}},"2":{"start":{"line":23,"column":4},"end":{"line":24,"column":68}},"3":{"start":{"line":24,"column":6},"end":{"line":24,"column":68}},"4":{"start":{"line":26,"column":4},"end":{"line":26,"column":88}},"5":{"start":{"line":26,"column":35},"end":{"line":26,"column":88}},"6":{"start":{"line":28,"column":4},"end":{"line":40,"column":5}},"7":{"start":{"line":29,"column":6},"end":{"line":32,"column":9}},"8":{"start":{"line":34,"column":6},"end":{"line":34,"column":33}},"9":{"start":{"line":36,"column":6},"end":{"line":39,"column":8}},"10":{"start":{"line":51,"column":4},"end":{"line":52,"column":70}},"11":{"start":{"line":52,"column":6},"end":{"line":52,"column":70}},"12":{"start":{"line":54,"column":4},"end":{"line":70,"column":5}},"13":{"start":{"line":55,"column":26},"end":{"line":60,"column":null}},"14":{"start":{"line":63,"column":6},"end":{"line":64,"column":71}},"15":{"start":{"line":64,"column":8},"end":{"line":64,"column":71}},"16":{"start":{"line":66,"column":6},"end":{"line":66,"column":35}},"17":{"start":{"line":68,"column":6},"end":{"line":68,"column":48}},"18":{"start":{"line":68,"column":38},"end":{"line":68,"column":48}},"19":{"start":{"line":69,"column":6},"end":{"line":69,"column":87}},"20":{"start":{"line":74,"column":0},"end":{"line":74,"column":28}}},"fnMap":{"0":{"name":"(anonymous_1)","decl":{"start":{"line":12,"column":2},"end":{"line":12,"column":25}},"loc":{"start":{"line":12,"column":2},"end":{"line":12,"column":26}}},"1":{"name":"(anonymous_2)","decl":{"start":{"line":22,"column":9},"end":{"line":22,"column":15}},"loc":{"start":{"line":22,"column":72},"end":{"line":41,"column":3}}},"2":{"name":"(anonymous_3)","decl":{"start":{"line":50,"column":9},"end":{"line":50,"column":15}},"loc":{"start":{"line":50,"column":51},"end":{"line":71,"column":3}}}},"branchMap":{"0":{"loc":{"start":{"line":23,"column":4},"end":{"line":24,"column":68}},"type":"if","locations":[{"start":{"line":23,"column":4},"end":{"line":24,"column":68}}]},"1":{"loc":{"start":{"line":26,"column":4},"end":{"line":26,"column":88}},"type":"if","locations":[{"start":{"line":26,"column":4},"end":{"line":26,"column":88}}]},"2":{"loc":{"start":{"line":51,"column":4},"end":{"line":52,"column":70}},"type":"if","locations":[{"start":{"line":51,"column":4},"end":{"line":52,"column":70}}]},"3":{"loc":{"start":{"line":63,"column":6},"end":{"line":64,"column":71}},"type":"if","locations":[{"start":{"line":63,"column":6},"end":{"line":64,"column":71}}]},"4":{"loc":{"start":{"line":68,"column":6},"end":{"line":68,"column":48}},"type":"if","locations":[{"start":{"line":68,"column":6},"end":{"line":68,"column":48}}]}},"s":{"0":3,"1":3,"2":11,"3":2,"4":9,"5":2,"6":7,"7":7,"8":5,"9":2,"10":8,"11":4,"12":4,"13":4,"14":2,"15":1,"16":1,"17":3,"18":1,"19":2,"20":3},"f":{"0":0,"1":11,"2":8},"b":{"0":[2],"1":[2],"2":[4],"3":[1],"4":[1]}}
,"/Users/isaacclark/Desktop/Open University/Year 3/TM470 - The computing and IT project/Leisure Centre PWA/Implementation/LCMS/Server-API/src/Cleaning/API/CleaningTaskList.ts": {"path":"/Users/isaacclark/Desktop/Open University/Year 3/TM470 - The computing and IT project/Leisure Centre PWA/Implementation/LCMS/Server-API/src/Cleaning/API/CleaningTaskList.ts","statementMap":{"0":{"start":{"line":1,"column":0},"end":{"line":1,"column":47}},"1":{"start":{"line":3,"column":0},"end":{"line":3,"column":63}},"2":{"start":{"line":4,"column":0},"end":{"line":4,"column":42}},"3":{"start":{"line":5,"column":0},"end":{"line":5,"column":58}},"4":{"start":{"line":6,"column":0},"end":{"line":6,"column":66}},"5":{"start":{"line":33,"column":4},"end":{"line":34,"column":82}},"6":{"start":{"line":34,"column":6},"end":{"line":34,"column":82}},"7":{"start":{"line":36,"column":4},"end":{"line":37,"column":62}},"8":{"start":{"line":37,"column":6},"end":{"line":37,"column":62}},"9":{"start":{"line":39,"column":4},"end":{"line":39,"column":84}},"10":{"start":{"line":39,"column":27},"end":{"line":39,"column":84}},"11":{"start":{"line":41,"column":4},"end":{"line":42,"column":82}},"12":{"start":{"line":42,"column":6},"end":{"line":42,"column":82}},"13":{"start":{"line":44,"column":24},"end":{"line":49,"column":null}},"14":{"start":{"line":52,"column":4},"end":{"line":53,"column":82}},"15":{"start":{"line":53,"column":6},"end":{"line":53,"column":82}},"16":{"start":{"line":55,"column":4},"end":{"line":100,"column":5}},"17":{"start":{"line":56,"column":6},"end":{"line":96,"column":9}},"18":{"start":{"line":58,"column":39},"end":{"line":64,"column":null}},"19":{"start":{"line":67,"column":35},"end":{"line":67,"column":84}},"20":{"start":{"line":69,"column":51},"end":{"line":69,"column":53}},"21":{"start":{"line":71,"column":8},"end":{"line":78,"column":9}},"22":{"start":{"line":72,"column":10},"end":{"line":74,"column":12}},"23":{"start":{"line":76,"column":10},"end":{"line":77,"column":25}},"24":{"start":{"line":76,"column":68},"end":{"line":76,"column":95}},"25":{"start":{"line":77,"column":15},"end":{"line":77,"column":25}},"26":{"start":{"line":81,"column":8},"end":{"line":93,"column":9}},"27":{"start":{"line":83,"column":30},"end":{"line":83,"column":95}},"28":{"start":{"line":84,"column":25},"end":{"line":84,"column":83}},"29":{"start":{"line":86,"column":10},"end":{"line":92,"column":12}},"30":{"start":{"line":95,"column":8},"end":{"line":95,"column":34}},"31":{"start":{"line":98,"column":6},"end":{"line":98,"column":48}},"32":{"start":{"line":98,"column":38},"end":{"line":98,"column":48}},"33":{"start":{"line":99,"column":6},"end":{"line":99,"column":96}},"34":{"start":{"line":117,"column":4},"end":{"line":118,"column":72}},"35":{"start":{"line":118,"column":6},"end":{"line":118,"column":72}},"36":{"start":{"line":120,"column":4},"end":{"line":132,"column":5}},"37":{"start":{"line":121,"column":31},"end":{"line":123,"column":null}},"38":{"start":{"line":126,"column":6},"end":{"line":128,"column":43}},"39":{"start":{"line":127,"column":8},"end":{"line":127,"column":92}},"40":{"start":{"line":128,"column":11},"end":{"line":128,"column":43}},"41":{"start":{"line":130,"column":6},"end":{"line":130,"column":48}},"42":{"start":{"line":130,"column":38},"end":{"line":130,"column":48}},"43":{"start":{"line":131,"column":6},"end":{"line":131,"column":94}},"44":{"start":{"line":153,"column":4},"end":{"line":154,"column":74}},"45":{"start":{"line":154,"column":6},"end":{"line":154,"column":74}},"46":{"start":{"line":157,"column":4},"end":{"line":187,"column":5}},"47":{"start":{"line":164,"column":6},"end":{"line":165,"column":80}},"48":{"start":{"line":165,"column":8},"end":{"line":165,"column":80}},"49":{"start":{"line":167,"column":6},"end":{"line":186,"column":7}},"50":{"start":{"line":169,"column":28},"end":{"line":169,"column":93}},"51":{"start":{"line":170,"column":24},"end":{"line":170,"column":82}},"52":{"start":{"line":173,"column":28},"end":{"line":179,"column":null}},"53":{"start":{"line":182,"column":8},"end":{"line":182,"column":50}},"54":{"start":{"line":184,"column":8},"end":{"line":184,"column":50}},"55":{"start":{"line":184,"column":40},"end":{"line":184,"column":50}},"56":{"start":{"line":185,"column":8},"end":{"line":185,"column":93}},"57":{"start":{"line":190,"column":4},"end":{"line":217,"column":5}},"58":{"start":{"line":197,"column":6},"end":{"line":198,"column":89}},"59":{"start":{"line":198,"column":8},"end":{"line":198,"column":89}},"60":{"start":{"line":200,"column":6},"end":{"line":201,"column":64}},"61":{"start":{"line":201,"column":8},"end":{"line":201,"column":64}},"62":{"start":{"line":203,"column":6},"end":{"line":216,"column":7}},"63":{"start":{"line":204,"column":28},"end":{"line":210,"column":null}},"64":{"start":{"line":213,"column":8},"end":{"line":213,"column":50}},"65":{"start":{"line":215,"column":8},"end":{"line":215,"column":93}},"66":{"start":{"line":220,"column":4},"end":{"line":266,"column":5}},"67":{"start":{"line":227,"column":6},"end":{"line":228,"column":89}},"68":{"start":{"line":228,"column":8},"end":{"line":228,"column":89}},"69":{"start":{"line":230,"column":6},"end":{"line":231,"column":81}},"70":{"start":{"line":231,"column":8},"end":{"line":231,"column":81}},"71":{"start":{"line":233,"column":6},"end":{"line":265,"column":7}},"72":{"start":{"line":234,"column":8},"end":{"line":262,"column":11}},"73":{"start":{"line":236,"column":29},"end":{"line":242,"column":null}},"74":{"start":{"line":246,"column":26},"end":{"line":246,"column":51}},"75":{"start":{"line":249,"column":37},"end":{"line":255,"column":null}},"76":{"start":{"line":259,"column":33},"end":{"line":259,"column":74}},"77":{"start":{"line":261,"column":10},"end":{"line":261,"column":32}},"78":{"start":{"line":264,"column":8},"end":{"line":264,"column":93}},"79":{"start":{"line":268,"column":4},"end":{"line":268,"column":91}},"80":{"start":{"line":280,"column":4},"end":{"line":281,"column":68}},"81":{"start":{"line":281,"column":6},"end":{"line":281,"column":68}},"82":{"start":{"line":283,"column":4},"end":{"line":303,"column":5}},"83":{"start":{"line":285,"column":26},"end":{"line":287,"column":null}},"84":{"start":{"line":291,"column":6},"end":{"line":292,"column":97}},"85":{"start":{"line":292,"column":8},"end":{"line":292,"column":97}},"86":{"start":{"line":294,"column":46},"end":{"line":294,"column":65}},"87":{"start":{"line":296,"column":6},"end":{"line":299,"column":82}},"88":{"start":{"line":298,"column":8},"end":{"line":298,"column":69}},"89":{"start":{"line":299,"column":13},"end":{"line":299,"column":82}},"90":{"start":{"line":301,"column":6},"end":{"line":301,"column":48}},"91":{"start":{"line":301,"column":38},"end":{"line":301,"column":48}},"92":{"start":{"line":302,"column":6},"end":{"line":302,"column":65}},"93":{"start":{"line":313,"column":4},"end":{"line":314,"column":68}},"94":{"start":{"line":314,"column":6},"end":{"line":314,"column":68}},"95":{"start":{"line":316,"column":4},"end":{"line":336,"column":5}},"96":{"start":{"line":318,"column":26},"end":{"line":320,"column":null}},"97":{"start":{"line":324,"column":6},"end":{"line":325,"column":97}},"98":{"start":{"line":325,"column":8},"end":{"line":325,"column":97}},"99":{"start":{"line":327,"column":46},"end":{"line":327,"column":65}},"100":{"start":{"line":329,"column":6},"end":{"line":332,"column":91}},"101":{"start":{"line":331,"column":8},"end":{"line":331,"column":70}},"102":{"start":{"line":332,"column":11},"end":{"line":332,"column":91}},"103":{"start":{"line":334,"column":6},"end":{"line":334,"column":48}},"104":{"start":{"line":334,"column":38},"end":{"line":334,"column":48}},"105":{"start":{"line":335,"column":6},"end":{"line":335,"column":65}},"106":{"start":{"line":351,"column":4},"end":{"line":351,"column":64}},"107":{"start":{"line":353,"column":4},"end":{"line":369,"column":5}},"108":{"start":{"line":354,"column":26},"end":{"line":356,"column":null}},"109":{"start":{"line":359,"column":6},"end":{"line":360,"column":76}},"110":{"start":{"line":360,"column":8},"end":{"line":360,"column":76}},"111":{"start":{"line":362,"column":6},"end":{"line":362,"column":33}},"112":{"start":{"line":364,"column":6},"end":{"line":364,"column":48}},"113":{"start":{"line":364,"column":38},"end":{"line":364,"column":48}},"114":{"start":{"line":365,"column":6},"end":{"line":368,"column":8}},"115":{"start":{"line":384,"column":4},"end":{"line":384,"column":64}},"116":{"start":{"line":386,"column":4},"end":{"line":402,"column":5}},"117":{"start":{"line":387,"column":26},"end":{"line":389,"column":null}},"118":{"start":{"line":392,"column":6},"end":{"line":393,"column":76}},"119":{"start":{"line":393,"column":8},"end":{"line":393,"column":76}},"120":{"start":{"line":395,"column":6},"end":{"line":395,"column":33}},"121":{"start":{"line":397,"column":6},"end":{"line":397,"column":48}},"122":{"start":{"line":397,"column":38},"end":{"line":397,"column":48}},"123":{"start":{"line":398,"column":6},"end":{"line":401,"column":8}},"124":{"start":{"line":413,"column":4},"end":{"line":414,"column":74}},"125":{"start":{"line":414,"column":6},"end":{"line":414,"column":74}},"126":{"start":{"line":416,"column":4},"end":{"line":432,"column":5}},"127":{"start":{"line":417,"column":26},"end":{"line":422,"column":null}},"128":{"start":{"line":425,"column":6},"end":{"line":426,"column":76}},"129":{"start":{"line":426,"column":8},"end":{"line":426,"column":76}},"130":{"start":{"line":428,"column":6},"end":{"line":428,"column":35}},"131":{"start":{"line":430,"column":6},"end":{"line":430,"column":48}},"132":{"start":{"line":430,"column":38},"end":{"line":430,"column":48}},"133":{"start":{"line":431,"column":6},"end":{"line":431,"column":92}},"134":{"start":{"line":443,"column":4},"end":{"line":443,"column":96}},"135":{"start":{"line":443,"column":39},"end":{"line":443,"column":96}},"136":{"start":{"line":445,"column":4},"end":{"line":445,"column":90}},"137":{"start":{"line":445,"column":32},"end":{"line":445,"column":90}},"138":{"start":{"line":447,"column":4},"end":{"line":448,"column":74}},"139":{"start":{"line":448,"column":6},"end":{"line":448,"column":74}},"140":{"start":{"line":452,"column":0},"end":{"line":452,"column":32}}},"fnMap":{"0":{"name":"(anonymous_1)","decl":{"start":{"line":17,"column":2},"end":{"line":17,"column":25}},"loc":{"start":{"line":17,"column":2},"end":{"line":17,"column":26}}},"1":{"name":"(anonymous_2)","decl":{"start":{"line":28,"column":9},"end":{"line":28,"column":15}},"loc":{"start":{"line":31,"column":26},"end":{"line":101,"column":3}}},"2":{"name":"(anonymous_3)","decl":{"start":{"line":56,"column":38},"end":{"line":56,"column":43}},"loc":{"start":{"line":56,"column":55},"end":{"line":96,"column":7}}},"3":{"name":"(anonymous_4)","decl":{"start":{"line":114,"column":9},"end":{"line":114,"column":15}},"loc":{"start":{"line":115,"column":30},"end":{"line":133,"column":3}}},"4":{"name":"(anonymous_5)","decl":{"start":{"line":146,"column":9},"end":{"line":146,"column":15}},"loc":{"start":{"line":151,"column":19},"end":{"line":269,"column":3}}},"5":{"name":"(anonymous_6)","decl":{"start":{"line":234,"column":40},"end":{"line":234,"column":45}},"loc":{"start":{"line":234,"column":57},"end":{"line":262,"column":9}}},"6":{"name":"(anonymous_7)","decl":{"start":{"line":277,"column":9},"end":{"line":277,"column":15}},"loc":{"start":{"line":278,"column":26},"end":{"line":304,"column":3}}},"7":{"name":"(anonymous_8)","decl":{"start":{"line":312,"column":9},"end":{"line":312,"column":15}},"loc":{"start":{"line":312,"column":73},"end":{"line":337,"column":3}}},"8":{"name":"(anonymous_9)","decl":{"start":{"line":347,"column":9},"end":{"line":347,"column":15}},"loc":{"start":{"line":349,"column":21},"end":{"line":370,"column":3}}},"9":{"name":"(anonymous_10)","decl":{"start":{"line":380,"column":9},"end":{"line":380,"column":15}},"loc":{"start":{"line":382,"column":21},"end":{"line":403,"column":3}}},"10":{"name":"(anonymous_11)","decl":{"start":{"line":412,"column":9},"end":{"line":412,"column":15}},"loc":{"start":{"line":412,"column":55},"end":{"line":433,"column":3}}},"11":{"name":"(anonymous_12)","decl":{"start":{"line":442,"column":10},"end":{"line":442,"column":16}},"loc":{"start":{"line":442,"column":86},"end":{"line":449,"column":3}}}},"branchMap":{"0":{"loc":{"start":{"line":33,"column":4},"end":{"line":34,"column":82}},"type":"if","locations":[{"start":{"line":33,"column":4},"end":{"line":34,"column":82}}]},"1":{"loc":{"start":{"line":36,"column":4},"end":{"line":37,"column":62}},"type":"if","locations":[{"start":{"line":36,"column":4},"end":{"line":37,"column":62}}]},"2":{"loc":{"start":{"line":36,"column":8},"end":{"line":36,"column":56}},"type":"binary-expr","locations":[{"start":{"line":36,"column":8},"end":{"line":36,"column":31}},{"start":{"line":36,"column":35},"end":{"line":36,"column":56}}]},"3":{"loc":{"start":{"line":39,"column":4},"end":{"line":39,"column":84}},"type":"if","locations":[{"start":{"line":39,"column":4},"end":{"line":39,"column":84}}]},"4":{"loc":{"start":{"line":41,"column":4},"end":{"line":42,"column":82}},"type":"if","locations":[{"start":{"line":41,"column":4},"end":{"line":42,"column":82}}]},"5":{"loc":{"start":{"line":41,"column":8},"end":{"line":41,"column":80}},"type":"binary-expr","locations":[{"start":{"line":41,"column":8},"end":{"line":41,"column":40}},{"start":{"line":41,"column":44},"end":{"line":41,"column":80}}]},"6":{"loc":{"start":{"line":52,"column":4},"end":{"line":53,"column":82}},"type":"if","locations":[{"start":{"line":52,"column":4},"end":{"line":53,"column":82}}]},"7":{"loc":{"start":{"line":76,"column":10},"end":{"line":77,"column":25}},"type":"if","locations":[{"start":{"line":76,"column":10},"end":{"line":77,"column":25}},{"start":{"line":77,"column":15},"end":{"line":77,"column":25}}]},"8":{"loc":{"start":{"line":76,"column":14},"end":{"line":76,"column":66}},"type":"binary-expr","locations":[{"start":{"line":76,"column":14},"end":{"line":76,"column":40}},{"start":{"line":76,"column":44},"end":{"line":76,"column":66}}]},"9":{"loc":{"start":{"line":98,"column":6},"end":{"line":98,"column":48}},"type":"if","locations":[{"start":{"line":98,"column":6},"end":{"line":98,"column":48}}]},"10":{"loc":{"start":{"line":117,"column":4},"end":{"line":118,"column":72}},"type":"if","locations":[{"start":{"line":117,"column":4},"end":{"line":118,"column":72}}]},"11":{"loc":{"start":{"line":126,"column":6},"end":{"line":128,"column":43}},"type":"if","locations":[{"start":{"line":126,"column":6},"end":{"line":128,"column":43}},{"start":{"line":128,"column":11},"end":{"line":128,"column":43}}]},"12":{"loc":{"start":{"line":130,"column":6},"end":{"line":130,"column":48}},"type":"if","locations":[{"start":{"line":130,"column":6},"end":{"line":130,"column":48}}]},"13":{"loc":{"start":{"line":153,"column":4},"end":{"line":154,"column":74}},"type":"if","locations":[{"start":{"line":153,"column":4},"end":{"line":154,"column":74}}]},"14":{"loc":{"start":{"line":153,"column":8},"end":{"line":153,"column":87}},"type":"binary-expr","locations":[{"start":{"line":153,"column":8},"end":{"line":153,"column":46}},{"start":{"line":153,"column":50},"end":{"line":153,"column":87}}]},"15":{"loc":{"start":{"line":157,"column":4},"end":{"line":187,"column":5}},"type":"if","locations":[{"start":{"line":157,"column":4},"end":{"line":187,"column":5}}]},"16":{"loc":{"start":{"line":158,"column":6},"end":{"line":162,"column":26}},"type":"binary-expr","locations":[{"start":{"line":158,"column":6},"end":{"line":158,"column":38}},{"start":{"line":159,"column":6},"end":{"line":159,"column":42}},{"start":{"line":160,"column":6},"end":{"line":160,"column":43}},{"start":{"line":161,"column":6},"end":{"line":161,"column":35}},{"start":{"line":162,"column":6},"end":{"line":162,"column":26}}]},"17":{"loc":{"start":{"line":164,"column":6},"end":{"line":165,"column":80}},"type":"if","locations":[{"start":{"line":164,"column":6},"end":{"line":165,"column":80}}]},"18":{"loc":{"start":{"line":164,"column":10},"end":{"line":164,"column":97}},"type":"binary-expr","locations":[{"start":{"line":164,"column":10},"end":{"line":164,"column":52}},{"start":{"line":164,"column":56},"end":{"line":164,"column":97}}]},"19":{"loc":{"start":{"line":184,"column":8},"end":{"line":184,"column":50}},"type":"if","locations":[{"start":{"line":184,"column":8},"end":{"line":184,"column":50}}]},"20":{"loc":{"start":{"line":190,"column":4},"end":{"line":217,"column":5}},"type":"if","locations":[{"start":{"line":190,"column":4},"end":{"line":217,"column":5}}]},"21":{"loc":{"start":{"line":191,"column":6},"end":{"line":195,"column":26}},"type":"binary-expr","locations":[{"start":{"line":191,"column":6},"end":{"line":191,"column":38}},{"start":{"line":192,"column":6},"end":{"line":192,"column":42}},{"start":{"line":193,"column":6},"end":{"line":193,"column":43}},{"start":{"line":194,"column":6},"end":{"line":194,"column":35}},{"start":{"line":195,"column":6},"end":{"line":195,"column":26}}]},"22":{"loc":{"start":{"line":197,"column":6},"end":{"line":198,"column":89}},"type":"if","locations":[{"start":{"line":197,"column":6},"end":{"line":198,"column":89}}]},"23":{"loc":{"start":{"line":197,"column":10},"end":{"line":197,"column":93}},"type":"binary-expr","locations":[{"start":{"line":197,"column":10},"end":{"line":197,"column":53}},{"start":{"line":197,"column":57},"end":{"line":197,"column":93}}]},"24":{"loc":{"start":{"line":200,"column":6},"end":{"line":201,"column":64}},"type":"if","locations":[{"start":{"line":200,"column":6},"end":{"line":201,"column":64}}]},"25":{"loc":{"start":{"line":200,"column":10},"end":{"line":200,"column":65}},"type":"binary-expr","locations":[{"start":{"line":200,"column":10},"end":{"line":200,"column":36}},{"start":{"line":200,"column":40},"end":{"line":200,"column":65}}]},"26":{"loc":{"start":{"line":220,"column":4},"end":{"line":266,"column":5}},"type":"if","locations":[{"start":{"line":220,"column":4},"end":{"line":266,"column":5}}]},"27":{"loc":{"start":{"line":221,"column":6},"end":{"line":225,"column":26}},"type":"binary-expr","locations":[{"start":{"line":221,"column":6},"end":{"line":221,"column":38}},{"start":{"line":222,"column":6},"end":{"line":222,"column":42}},{"start":{"line":223,"column":6},"end":{"line":223,"column":43}},{"start":{"line":224,"column":6},"end":{"line":224,"column":35}},{"start":{"line":225,"column":6},"end":{"line":225,"column":26}}]},"28":{"loc":{"start":{"line":227,"column":6},"end":{"line":228,"column":89}},"type":"if","locations":[{"start":{"line":227,"column":6},"end":{"line":228,"column":89}}]},"29":{"loc":{"start":{"line":227,"column":10},"end":{"line":227,"column":93}},"type":"binary-expr","locations":[{"start":{"line":227,"column":10},"end":{"line":227,"column":53}},{"start":{"line":227,"column":57},"end":{"line":227,"column":93}}]},"30":{"loc":{"start":{"line":230,"column":6},"end":{"line":231,"column":81}},"type":"if","locations":[{"start":{"line":230,"column":6},"end":{"line":231,"column":81}}]},"31":{"loc":{"start":{"line":230,"column":10},"end":{"line":230,"column":77}},"type":"binary-expr","locations":[{"start":{"line":230,"column":10},"end":{"line":230,"column":45}},{"start":{"line":230,"column":49},"end":{"line":230,"column":77}}]},"32":{"loc":{"start":{"line":280,"column":4},"end":{"line":281,"column":68}},"type":"if","locations":[{"start":{"line":280,"column":4},"end":{"line":281,"column":68}}]},"33":{"loc":{"start":{"line":291,"column":6},"end":{"line":292,"column":97}},"type":"if","locations":[{"start":{"line":291,"column":6},"end":{"line":292,"column":97}}]},"34":{"loc":{"start":{"line":296,"column":6},"end":{"line":299,"column":82}},"type":"if","locations":[{"start":{"line":296,"column":6},"end":{"line":299,"column":82}},{"start":{"line":299,"column":13},"end":{"line":299,"column":82}}]},"35":{"loc":{"start":{"line":301,"column":6},"end":{"line":301,"column":48}},"type":"if","locations":[{"start":{"line":301,"column":6},"end":{"line":301,"column":48}}]},"36":{"loc":{"start":{"line":313,"column":4},"end":{"line":314,"column":68}},"type":"if","locations":[{"start":{"line":313,"column":4},"end":{"line":314,"column":68}}]},"37":{"loc":{"start":{"line":324,"column":6},"end":{"line":325,"column":97}},"type":"if","locations":[{"start":{"line":324,"column":6},"end":{"line":325,"column":97}}]},"38":{"loc":{"start":{"line":329,"column":6},"end":{"line":332,"column":91}},"type":"if","locations":[{"start":{"line":329,"column":6},"end":{"line":332,"column":91}},{"start":{"line":332,"column":11},"end":{"line":332,"column":91}}]},"39":{"loc":{"start":{"line":334,"column":6},"end":{"line":334,"column":48}},"type":"if","locations":[{"start":{"line":334,"column":6},"end":{"line":334,"column":48}}]},"40":{"loc":{"start":{"line":359,"column":6},"end":{"line":360,"column":76}},"type":"if","locations":[{"start":{"line":359,"column":6},"end":{"line":360,"column":76}}]},"41":{"loc":{"start":{"line":364,"column":6},"end":{"line":364,"column":48}},"type":"if","locations":[{"start":{"line":364,"column":6},"end":{"line":364,"column":48}}]},"42":{"loc":{"start":{"line":392,"column":6},"end":{"line":393,"column":76}},"type":"if","locations":[{"start":{"line":392,"column":6},"end":{"line":393,"column":76}}]},"43":{"loc":{"start":{"line":397,"column":6},"end":{"line":397,"column":48}},"type":"if","locations":[{"start":{"line":397,"column":6},"end":{"line":397,"column":48}}]},"44":{"loc":{"start":{"line":413,"column":4},"end":{"line":414,"column":74}},"type":"if","locations":[{"start":{"line":413,"column":4},"end":{"line":414,"column":74}}]},"45":{"loc":{"start":{"line":425,"column":6},"end":{"line":426,"column":76}},"type":"if","locations":[{"start":{"line":425,"column":6},"end":{"line":426,"column":76}}]},"46":{"loc":{"start":{"line":430,"column":6},"end":{"line":430,"column":48}},"type":"if","locations":[{"start":{"line":430,"column":6},"end":{"line":430,"column":48}}]},"47":{"loc":{"start":{"line":443,"column":4},"end":{"line":443,"column":96}},"type":"if","locations":[{"start":{"line":443,"column":4},"end":{"line":443,"column":96}}]},"48":{"loc":{"start":{"line":445,"column":4},"end":{"line":445,"column":90}},"type":"if","locations":[{"start":{"line":445,"column":4},"end":{"line":445,"column":90}}]},"49":{"loc":{"start":{"line":447,"column":4},"end":{"line":448,"column":74}},"type":"if","locations":[{"start":{"line":447,"column":4},"end":{"line":448,"column":74}}]},"50":{"loc":{"start":{"line":447,"column":8},"end":{"line":447,"column":87}},"type":"binary-expr","locations":[{"start":{"line":447,"column":8},"end":{"line":447,"column":46}},{"start":{"line":447,"column":50},"end":{"line":447,"column":87}}]}},"s":{"0":2,"1":2,"2":2,"3":2,"4":2,"5":9,"6":1,"7":8,"8":1,"9":7,"10":1,"11":6,"12":1,"13":5,"14":5,"15":1,"16":4,"17":4,"18":4,"19":3,"20":3,"21":3,"22":3,"23":2,"24":1,"25":1,"26":2,"27":2,"28":2,"29":2,"30":2,"31":2,"32":1,"33":1,"34":14,"35":4,"36":10,"37":10,"38":6,"39":4,"40":2,"41":8,"42":4,"43":4,"44":41,"45":4,"46":37,"47":11,"48":4,"49":7,"50":7,"51":5,"52":3,"53":1,"54":6,"55":4,"56":2,"57":26,"58":11,"59":4,"60":7,"61":4,"62":3,"63":3,"64":1,"65":2,"66":15,"67":13,"68":4,"69":9,"70":4,"71":5,"72":5,"73":5,"74":3,"75":3,"76":1,"77":1,"78":4,"79":2,"80":12,"81":2,"82":10,"83":10,"84":8,"85":2,"86":6,"87":6,"88":4,"89":2,"90":8,"91":6,"92":2,"93":10,"94":2,"95":8,"96":8,"97":6,"98":2,"99":4,"100":4,"101":2,"102":2,"103":6,"104":4,"105":2,"106":12,"107":4,"108":4,"109":2,"110":1,"111":1,"112":3,"113":1,"114":2,"115":12,"116":4,"117":4,"118":2,"119":1,"120":1,"121":3,"122":1,"123":2,"124":5,"125":1,"126":4,"127":4,"128":3,"129":1,"130":2,"131":2,"132":1,"133":1,"134":24,"135":4,"136":20,"137":4,"138":16,"139":8,"140":2},"f":{"0":0,"1":9,"2":4,"3":14,"4":41,"5":5,"6":12,"7":10,"8":12,"9":12,"10":5,"11":24},"b":{"0":[1],"1":[1],"2":[8,7],"3":[1],"4":[1],"5":[6,6],"6":[1],"7":[1,1],"8":[2,2],"9":[1],"10":[4],"11":[4,2],"12":[4],"13":[4],"14":[41,39],"15":[11],"16":[37,37,11,11,11],"17":[4],"18":[11,9],"19":[4],"20":[11],"21":[26,26,26,24,11],"22":[4],"23":[11,9],"24":[4],"25":[7,5],"26":[13],"27":[15,15,15,13,13],"28":[4],"29":[13,9],"30":[4],"31":[9,5],"32":[2],"33":[2],"34":[4,2],"35":[6],"36":[2],"37":[2],"38":[2,2],"39":[4],"40":[1],"41":[1],"42":[1],"43":[1],"44":[1],"45":[1],"46":[1],"47":[4],"48":[4],"49":[8],"50":[16,12]}}
,"/Users/isaacclark/Desktop/Open University/Year 3/TM470 - The computing and IT project/Leisure Centre PWA/Implementation/LCMS/Server-API/src/Cleaning/API/CleaningTaskTemplate.ts": {"path":"/Users/isaacclark/Desktop/Open University/Year 3/TM470 - The computing and IT project/Leisure Centre PWA/Implementation/LCMS/Server-API/src/Cleaning/API/CleaningTaskTemplate.ts","statementMap":{"0":{"start":{"line":1,"column":0},"end":{"line":1,"column":47}},"1":{"start":{"line":2,"column":0},"end":{"line":2,"column":43}},"2":{"start":{"line":21,"column":4},"end":{"line":22,"column":78}},"3":{"start":{"line":22,"column":6},"end":{"line":22,"column":78}},"4":{"start":{"line":24,"column":4},"end":{"line":39,"column":5}},"5":{"start":{"line":25,"column":26},"end":{"line":30,"column":null}},"6":{"start":{"line":33,"column":6},"end":{"line":33,"column":46}},"7":{"start":{"line":35,"column":6},"end":{"line":38,"column":8}},"8":{"start":{"line":50,"column":4},"end":{"line":51,"column":78}},"9":{"start":{"line":51,"column":6},"end":{"line":51,"column":78}},"10":{"start":{"line":53,"column":4},"end":{"line":68,"column":5}},"11":{"start":{"line":54,"column":26},"end":{"line":59,"column":null}},"12":{"start":{"line":62,"column":6},"end":{"line":62,"column":40}},"13":{"start":{"line":64,"column":6},"end":{"line":67,"column":8}},"14":{"start":{"line":72,"column":0},"end":{"line":72,"column":36}}},"fnMap":{"0":{"name":"(anonymous_1)","decl":{"start":{"line":11,"column":2},"end":{"line":11,"column":25}},"loc":{"start":{"line":11,"column":2},"end":{"line":11,"column":26}}},"1":{"name":"(anonymous_2)","decl":{"start":{"line":20,"column":9},"end":{"line":20,"column":15}},"loc":{"start":{"line":20,"column":67},"end":{"line":40,"column":3}}},"2":{"name":"(anonymous_3)","decl":{"start":{"line":49,"column":9},"end":{"line":49,"column":15}},"loc":{"start":{"line":49,"column":60},"end":{"line":69,"column":3}}}},"branchMap":{"0":{"loc":{"start":{"line":21,"column":4},"end":{"line":22,"column":78}},"type":"if","locations":[{"start":{"line":21,"column":4},"end":{"line":22,"column":78}}]},"1":{"loc":{"start":{"line":21,"column":8},"end":{"line":21,"column":95}},"type":"binary-expr","locations":[{"start":{"line":21,"column":8},"end":{"line":21,"column":50}},{"start":{"line":21,"column":54},"end":{"line":21,"column":95}}]},"2":{"loc":{"start":{"line":50,"column":4},"end":{"line":51,"column":78}},"type":"if","locations":[{"start":{"line":50,"column":4},"end":{"line":51,"column":78}}]},"3":{"loc":{"start":{"line":50,"column":8},"end":{"line":50,"column":95}},"type":"binary-expr","locations":[{"start":{"line":50,"column":8},"end":{"line":50,"column":50}},{"start":{"line":50,"column":54},"end":{"line":50,"column":95}}]}},"s":{"0":3,"1":3,"2":7,"3":4,"4":3,"5":3,"6":1,"7":2,"8":7,"9":4,"10":3,"11":3,"12":1,"13":2,"14":3},"f":{"0":0,"1":7,"2":7},"b":{"0":[4],"1":[7,5],"2":[4],"3":[7,5]}}
,"/Users/isaacclark/Desktop/Open University/Year 3/TM470 - The computing and IT project/Leisure Centre PWA/Implementation/LCMS/Server-API/src/Cleaning/API/CleaningTaskTemplateList.ts": {"path":"/Users/isaacclark/Desktop/Open University/Year 3/TM470 - The computing and IT project/Leisure Centre PWA/Implementation/LCMS/Server-API/src/Cleaning/API/CleaningTaskTemplateList.ts","statementMap":{"0":{"start":{"line":1,"column":0},"end":{"line":1,"column":63}},"1":{"start":{"line":2,"column":0},"end":{"line":2,"column":47}},"2":{"start":{"line":24,"column":4},"end":{"line":25,"column":69}},"3":{"start":{"line":25,"column":6},"end":{"line":25,"column":69}},"4":{"start":{"line":27,"column":4},"end":{"line":43,"column":5}},"5":{"start":{"line":28,"column":53},"end":{"line":34,"column":null}},"6":{"start":{"line":37,"column":6},"end":{"line":37,"column":87}},"7":{"start":{"line":39,"column":6},"end":{"line":42,"column":8}},"8":{"start":{"line":59,"column":4},"end":{"line":61,"column":5}},"9":{"start":{"line":60,"column":6},"end":{"line":60,"column":80}},"10":{"start":{"line":63,"column":4},"end":{"line":81,"column":5}},"11":{"start":{"line":64,"column":39},"end":{"line":66,"column":null}},"12":{"start":{"line":69,"column":6},"end":{"line":74,"column":51}},"13":{"start":{"line":70,"column":8},"end":{"line":73,"column":10}},"14":{"start":{"line":74,"column":11},"end":{"line":74,"column":51}},"15":{"start":{"line":76,"column":6},"end":{"line":76,"column":48}},"16":{"start":{"line":76,"column":38},"end":{"line":76,"column":48}},"17":{"start":{"line":77,"column":6},"end":{"line":80,"column":8}},"18":{"start":{"line":96,"column":4},"end":{"line":97,"column":82}},"19":{"start":{"line":97,"column":6},"end":{"line":97,"column":82}},"20":{"start":{"line":99,"column":4},"end":{"line":100,"column":78}},"21":{"start":{"line":100,"column":6},"end":{"line":100,"column":78}},"22":{"start":{"line":102,"column":4},"end":{"line":117,"column":5}},"23":{"start":{"line":103,"column":6},"end":{"line":109,"column":8}},"24":{"start":{"line":111,"column":6},"end":{"line":111,"column":57}},"25":{"start":{"line":113,"column":6},"end":{"line":116,"column":8}},"26":{"start":{"line":136,"column":4},"end":{"line":137,"column":82}},"27":{"start":{"line":137,"column":6},"end":{"line":137,"column":82}},"28":{"start":{"line":139,"column":4},"end":{"line":143,"column":95}},"29":{"start":{"line":143,"column":6},"end":{"line":143,"column":95}},"30":{"start":{"line":146,"column":4},"end":{"line":186,"column":5}},"31":{"start":{"line":152,"column":6},"end":{"line":152,"column":93}},"32":{"start":{"line":152,"column":37},"end":{"line":152,"column":93}},"33":{"start":{"line":154,"column":6},"end":{"line":185,"column":7}},"34":{"start":{"line":155,"column":8},"end":{"line":179,"column":11}},"35":{"start":{"line":157,"column":45},"end":{"line":163,"column":null}},"36":{"start":{"line":166,"column":41},"end":{"line":166,"column":98}},"37":{"start":{"line":169,"column":10},"end":{"line":176,"column":12}},"38":{"start":{"line":178,"column":10},"end":{"line":178,"column":40}},"39":{"start":{"line":181,"column":8},"end":{"line":184,"column":10}},"40":{"start":{"line":189,"column":4},"end":{"line":239,"column":5}},"41":{"start":{"line":195,"column":6},"end":{"line":196,"column":81}},"42":{"start":{"line":196,"column":8},"end":{"line":196,"column":81}},"43":{"start":{"line":198,"column":6},"end":{"line":238,"column":7}},"44":{"start":{"line":199,"column":8},"end":{"line":235,"column":11}},"45":{"start":{"line":201,"column":29},"end":{"line":207,"column":null}},"46":{"start":{"line":210,"column":26},"end":{"line":210,"column":51}},"47":{"start":{"line":213,"column":45},"end":{"line":219,"column":null}},"48":{"start":{"line":222,"column":41},"end":{"line":222,"column":98}},"49":{"start":{"line":225,"column":10},"end":{"line":232,"column":12}},"50":{"start":{"line":234,"column":10},"end":{"line":234,"column":40}},"51":{"start":{"line":237,"column":8},"end":{"line":237,"column":77}},"52":{"start":{"line":241,"column":4},"end":{"line":241,"column":61}},"53":{"start":{"line":256,"column":4},"end":{"line":257,"column":82}},"54":{"start":{"line":257,"column":6},"end":{"line":257,"column":82}},"55":{"start":{"line":259,"column":4},"end":{"line":260,"column":78}},"56":{"start":{"line":260,"column":6},"end":{"line":260,"column":78}},"57":{"start":{"line":262,"column":4},"end":{"line":284,"column":5}},"58":{"start":{"line":263,"column":26},"end":{"line":268,"column":null}},"59":{"start":{"line":271,"column":6},"end":{"line":275,"column":10}},"60":{"start":{"line":272,"column":8},"end":{"line":275,"column":10}},"61":{"start":{"line":277,"column":6},"end":{"line":277,"column":34}},"62":{"start":{"line":279,"column":6},"end":{"line":279,"column":48}},"63":{"start":{"line":279,"column":38},"end":{"line":279,"column":48}},"64":{"start":{"line":280,"column":6},"end":{"line":283,"column":8}},"65":{"start":{"line":295,"column":4},"end":{"line":296,"column":82}},"66":{"start":{"line":296,"column":6},"end":{"line":296,"column":82}},"67":{"start":{"line":298,"column":4},"end":{"line":314,"column":5}},"68":{"start":{"line":299,"column":26},"end":{"line":304,"column":null}},"69":{"start":{"line":307,"column":6},"end":{"line":308,"column":85}},"70":{"start":{"line":308,"column":8},"end":{"line":308,"column":85}},"71":{"start":{"line":310,"column":6},"end":{"line":310,"column":35}},"72":{"start":{"line":312,"column":6},"end":{"line":312,"column":48}},"73":{"start":{"line":312,"column":38},"end":{"line":312,"column":48}},"74":{"start":{"line":313,"column":6},"end":{"line":313,"column":96}},"75":{"start":{"line":330,"column":4},"end":{"line":331,"column":82}},"76":{"start":{"line":331,"column":6},"end":{"line":331,"column":82}},"77":{"start":{"line":333,"column":4},"end":{"line":359,"column":5}},"78":{"start":{"line":334,"column":38},"end":{"line":339,"column":null}},"79":{"start":{"line":342,"column":6},"end":{"line":346,"column":10}},"80":{"start":{"line":343,"column":8},"end":{"line":346,"column":10}},"81":{"start":{"line":348,"column":56},"end":{"line":348,"column":58}},"82":{"start":{"line":351,"column":6},"end":{"line":353,"column":8}},"83":{"start":{"line":352,"column":8},"end":{"line":352,"column":67}},"84":{"start":{"line":355,"column":6},"end":{"line":355,"column":40}},"85":{"start":{"line":357,"column":6},"end":{"line":357,"column":48}},"86":{"start":{"line":357,"column":38},"end":{"line":357,"column":48}},"87":{"start":{"line":358,"column":6},"end":{"line":358,"column":98}},"88":{"start":{"line":363,"column":0},"end":{"line":363,"column":40}}},"fnMap":{"0":{"name":"(anonymous_1)","decl":{"start":{"line":14,"column":2},"end":{"line":14,"column":25}},"loc":{"start":{"line":14,"column":2},"end":{"line":14,"column":26}}},"1":{"name":"(anonymous_2)","decl":{"start":{"line":23,"column":9},"end":{"line":23,"column":15}},"loc":{"start":{"line":23,"column":39},"end":{"line":44,"column":3}}},"2":{"name":"(anonymous_3)","decl":{"start":{"line":56,"column":9},"end":{"line":56,"column":15}},"loc":{"start":{"line":57,"column":38},"end":{"line":82,"column":3}}},"3":{"name":"(anonymous_4)","decl":{"start":{"line":92,"column":9},"end":{"line":92,"column":15}},"loc":{"start":{"line":94,"column":34},"end":{"line":118,"column":3}}},"4":{"name":"(anonymous_5)","decl":{"start":{"line":130,"column":9},"end":{"line":130,"column":15}},"loc":{"start":{"line":134,"column":28},"end":{"line":242,"column":3}}},"5":{"name":"(anonymous_6)","decl":{"start":{"line":155,"column":40},"end":{"line":155,"column":45}},"loc":{"start":{"line":155,"column":57},"end":{"line":179,"column":9}}},"6":{"name":"(anonymous_7)","decl":{"start":{"line":199,"column":40},"end":{"line":199,"column":45}},"loc":{"start":{"line":199,"column":57},"end":{"line":235,"column":9}}},"7":{"name":"(anonymous_8)","decl":{"start":{"line":252,"column":9},"end":{"line":252,"column":15}},"loc":{"start":{"line":254,"column":34},"end":{"line":285,"column":3}}},"8":{"name":"(anonymous_9)","decl":{"start":{"line":294,"column":9},"end":{"line":294,"column":15}},"loc":{"start":{"line":294,"column":63},"end":{"line":315,"column":3}}},"9":{"name":"(anonymous_10)","decl":{"start":{"line":327,"column":9},"end":{"line":327,"column":15}},"loc":{"start":{"line":328,"column":38},"end":{"line":360,"column":3}}},"10":{"name":"(anonymous_11)","decl":{"start":{"line":351,"column":43},"end":{"line":351,"column":44}},"loc":{"start":{"line":352,"column":8},"end":{"line":352,"column":67}}}},"branchMap":{"0":{"loc":{"start":{"line":24,"column":4},"end":{"line":25,"column":69}},"type":"if","locations":[{"start":{"line":24,"column":4},"end":{"line":25,"column":69}}]},"1":{"loc":{"start":{"line":24,"column":8},"end":{"line":24,"column":49}},"type":"binary-expr","locations":[{"start":{"line":24,"column":8},"end":{"line":24,"column":33}},{"start":{"line":24,"column":37},"end":{"line":24,"column":49}}]},"2":{"loc":{"start":{"line":59,"column":4},"end":{"line":61,"column":5}},"type":"if","locations":[{"start":{"line":59,"column":4},"end":{"line":61,"column":5}}]},"3":{"loc":{"start":{"line":69,"column":6},"end":{"line":74,"column":51}},"type":"if","locations":[{"start":{"line":69,"column":6},"end":{"line":74,"column":51}},{"start":{"line":74,"column":11},"end":{"line":74,"column":51}}]},"4":{"loc":{"start":{"line":76,"column":6},"end":{"line":76,"column":48}},"type":"if","locations":[{"start":{"line":76,"column":6},"end":{"line":76,"column":48}}]},"5":{"loc":{"start":{"line":96,"column":4},"end":{"line":97,"column":82}},"type":"if","locations":[{"start":{"line":96,"column":4},"end":{"line":97,"column":82}}]},"6":{"loc":{"start":{"line":99,"column":4},"end":{"line":100,"column":78}},"type":"if","locations":[{"start":{"line":99,"column":4},"end":{"line":100,"column":78}}]},"7":{"loc":{"start":{"line":136,"column":4},"end":{"line":137,"column":82}},"type":"if","locations":[{"start":{"line":136,"column":4},"end":{"line":137,"column":82}}]},"8":{"loc":{"start":{"line":139,"column":4},"end":{"line":143,"column":95}},"type":"if","locations":[{"start":{"line":139,"column":4},"end":{"line":143,"column":95}}]},"9":{"loc":{"start":{"line":140,"column":6},"end":{"line":141,"column":44}},"type":"binary-expr","locations":[{"start":{"line":140,"column":6},"end":{"line":140,"column":57}},{"start":{"line":141,"column":6},"end":{"line":141,"column":44}}]},"10":{"loc":{"start":{"line":146,"column":4},"end":{"line":186,"column":5}},"type":"if","locations":[{"start":{"line":146,"column":4},"end":{"line":186,"column":5}}]},"11":{"loc":{"start":{"line":147,"column":6},"end":{"line":150,"column":35}},"type":"binary-expr","locations":[{"start":{"line":147,"column":6},"end":{"line":147,"column":46}},{"start":{"line":148,"column":6},"end":{"line":148,"column":51}},{"start":{"line":149,"column":6},"end":{"line":149,"column":26}},{"start":{"line":150,"column":6},"end":{"line":150,"column":35}}]},"12":{"loc":{"start":{"line":152,"column":6},"end":{"line":152,"column":93}},"type":"if","locations":[{"start":{"line":152,"column":6},"end":{"line":152,"column":93}}]},"13":{"loc":{"start":{"line":189,"column":4},"end":{"line":239,"column":5}},"type":"if","locations":[{"start":{"line":189,"column":4},"end":{"line":239,"column":5}}]},"14":{"loc":{"start":{"line":190,"column":6},"end":{"line":193,"column":35}},"type":"binary-expr","locations":[{"start":{"line":190,"column":6},"end":{"line":190,"column":46}},{"start":{"line":191,"column":6},"end":{"line":191,"column":51}},{"start":{"line":192,"column":6},"end":{"line":192,"column":26}},{"start":{"line":193,"column":6},"end":{"line":193,"column":35}}]},"15":{"loc":{"start":{"line":195,"column":6},"end":{"line":196,"column":81}},"type":"if","locations":[{"start":{"line":195,"column":6},"end":{"line":196,"column":81}}]},"16":{"loc":{"start":{"line":195,"column":10},"end":{"line":195,"column":71}},"type":"binary-expr","locations":[{"start":{"line":195,"column":10},"end":{"line":195,"column":45}},{"start":{"line":195,"column":49},"end":{"line":195,"column":71}}]},"17":{"loc":{"start":{"line":256,"column":4},"end":{"line":257,"column":82}},"type":"if","locations":[{"start":{"line":256,"column":4},"end":{"line":257,"column":82}}]},"18":{"loc":{"start":{"line":259,"column":4},"end":{"line":260,"column":78}},"type":"if","locations":[{"start":{"line":259,"column":4},"end":{"line":260,"column":78}}]},"19":{"loc":{"start":{"line":271,"column":6},"end":{"line":275,"column":10}},"type":"if","locations":[{"start":{"line":271,"column":6},"end":{"line":275,"column":10}}]},"20":{"loc":{"start":{"line":279,"column":6},"end":{"line":279,"column":48}},"type":"if","locations":[{"start":{"line":279,"column":6},"end":{"line":279,"column":48}}]},"21":{"loc":{"start":{"line":295,"column":4},"end":{"line":296,"column":82}},"type":"if","locations":[{"start":{"line":295,"column":4},"end":{"line":296,"column":82}}]},"22":{"loc":{"start":{"line":307,"column":6},"end":{"line":308,"column":85}},"type":"if","locations":[{"start":{"line":307,"column":6},"end":{"line":308,"column":85}}]},"23":{"loc":{"start":{"line":312,"column":6},"end":{"line":312,"column":48}},"type":"if","locations":[{"start":{"line":312,"column":6},"end":{"line":312,"column":48}}]},"24":{"loc":{"start":{"line":330,"column":4},"end":{"line":331,"column":82}},"type":"if","locations":[{"start":{"line":330,"column":4},"end":{"line":331,"column":82}}]},"25":{"loc":{"start":{"line":342,"column":6},"end":{"line":346,"column":10}},"type":"if","locations":[{"start":{"line":342,"column":6},"end":{"line":346,"column":10}}]},"26":{"loc":{"start":{"line":357,"column":6},"end":{"line":357,"column":48}},"type":"if","locations":[{"start":{"line":357,"column":6},"end":{"line":357,"column":48}}]}},"s":{"0":3,"1":3,"2":4,"3":2,"4":2,"5":2,"6":1,"7":1,"8":14,"9":4,"10":10,"11":10,"12":6,"13":4,"14":2,"15":8,"16":4,"17":4,"18":7,"19":2,"20":5,"21":2,"22":3,"23":3,"24":1,"25":2,"26":16,"27":3,"28":13,"29":2,"30":11,"31":5,"32":2,"33":3,"34":3,"35":3,"36":1,"37":1,"38":1,"39":2,"40":6,"41":5,"42":2,"43":3,"44":3,"45":3,"46":3,"47":3,"48":1,"49":1,"50":1,"51":2,"52":1,"53":8,"54":2,"55":6,"56":2,"57":4,"58":4,"59":2,"60":1,"61":1,"62":3,"63":1,"64":2,"65":5,"66":2,"67":3,"68":3,"69":2,"70":1,"71":1,"72":2,"73":1,"74":1,"75":7,"76":2,"77":5,"78":5,"79":3,"80":2,"81":1,"82":1,"83":2,"84":1,"85":4,"86":2,"87":2,"88":3},"f":{"0":0,"1":4,"2":14,"3":7,"4":16,"5":3,"6":3,"7":8,"8":5,"9":7,"10":2},"b":{"0":[2],"1":[4,3],"2":[4],"3":[4,2],"4":[4],"5":[2],"6":[2],"7":[3],"8":[2],"9":[13,12],"10":[5],"11":[11,11,11,5],"12":[2],"13":[5],"14":[6,6,6,6],"15":[2],"16":[5,4],"17":[2],"18":[2],"19":[1],"20":[1],"21":[2],"22":[1],"23":[1],"24":[2],"25":[2],"26":[2]}}
,"/Users/isaacclark/Desktop/Open University/Year 3/TM470 - The computing and IT project/Leisure Centre PWA/Implementation/LCMS/Server-API/src/Cleaning/API/LCMS_Cleaning.ts": {"path":"/Users/isaacclark/Desktop/Open University/Year 3/TM470 - The computing and IT project/Leisure Centre PWA/Implementation/LCMS/Server-API/src/Cleaning/API/LCMS_Cleaning.ts","statementMap":{"0":{"start":{"line":1,"column":0},"end":{"line":1,"column":43}},"1":{"start":{"line":2,"column":0},"end":{"line":2,"column":47}},"2":{"start":{"line":12,"column":0},"end":{"line":12,"column":50}},"3":{"start":{"line":13,"column":0},"end":{"line":13,"column":66}},"4":{"start":{"line":14,"column":0},"end":{"line":14,"column":42}},"5":{"start":{"line":33,"column":4},"end":{"line":33,"column":53}},"6":{"start":{"line":51,"column":4},"end":{"line":51,"column":78}},"7":{"start":{"line":75,"column":4},"end":{"line":92,"column":8}},"8":{"start":{"line":82,"column":6},"end":{"line":85,"column":8}},"9":{"start":{"line":87,"column":6},"end":{"line":92,"column":8}},"10":{"start":{"line":109,"column":4},"end":{"line":121,"column":5}},"11":{"start":{"line":110,"column":40},"end":{"line":110,"column":94}},"12":{"start":{"line":112,"column":6},"end":{"line":117,"column":49}},"13":{"start":{"line":113,"column":8},"end":{"line":116,"column":10}},"14":{"start":{"line":117,"column":11},"end":{"line":117,"column":49}},"15":{"start":{"line":119,"column":6},"end":{"line":119,"column":48}},"16":{"start":{"line":119,"column":38},"end":{"line":119,"column":48}},"17":{"start":{"line":120,"column":6},"end":{"line":120,"column":100}},"18":{"start":{"line":136,"column":4},"end":{"line":145,"column":5}},"19":{"start":{"line":137,"column":36},"end":{"line":137,"column":85}},"20":{"start":{"line":139,"column":6},"end":{"line":141,"column":45}},"21":{"start":{"line":140,"column":8},"end":{"line":140,"column":96}},"22":{"start":{"line":141,"column":11},"end":{"line":141,"column":45}},"23":{"start":{"line":143,"column":6},"end":{"line":143,"column":48}},"24":{"start":{"line":143,"column":38},"end":{"line":143,"column":48}},"25":{"start":{"line":144,"column":6},"end":{"line":144,"column":95}},"26":{"start":{"line":158,"column":4},"end":{"line":167,"column":5}},"27":{"start":{"line":159,"column":20},"end":{"line":159,"column":54}},"28":{"start":{"line":161,"column":6},"end":{"line":163,"column":29}},"29":{"start":{"line":162,"column":8},"end":{"line":162,"column":78}},"30":{"start":{"line":163,"column":11},"end":{"line":163,"column":29}},"31":{"start":{"line":165,"column":6},"end":{"line":165,"column":48}},"32":{"start":{"line":165,"column":38},"end":{"line":165,"column":48}},"33":{"start":{"line":166,"column":6},"end":{"line":166,"column":77}},"34":{"start":{"line":182,"column":4},"end":{"line":185,"column":6}},"35":{"start":{"line":196,"column":4},"end":{"line":196,"column":77}},"36":{"start":{"line":213,"column":4},"end":{"line":213,"column":87}},"37":{"start":{"line":230,"column":4},"end":{"line":239,"column":5}},"38":{"start":{"line":231,"column":32},"end":{"line":231,"column":78}},"39":{"start":{"line":233,"column":6},"end":{"line":235,"column":41}},"40":{"start":{"line":234,"column":8},"end":{"line":234,"column":92}},"41":{"start":{"line":235,"column":11},"end":{"line":235,"column":41}},"42":{"start":{"line":237,"column":6},"end":{"line":237,"column":48}},"43":{"start":{"line":237,"column":38},"end":{"line":237,"column":48}},"44":{"start":{"line":238,"column":6},"end":{"line":238,"column":91}},"45":{"start":{"line":257,"column":4},"end":{"line":257,"column":62}},"46":{"start":{"line":278,"column":4},"end":{"line":284,"column":6}},"47":{"start":{"line":295,"column":4},"end":{"line":295,"column":53}},"48":{"start":{"line":309,"column":4},"end":{"line":310,"column":74}},"49":{"start":{"line":310,"column":6},"end":{"line":310,"column":74}},"50":{"start":{"line":312,"column":4},"end":{"line":313,"column":70}},"51":{"start":{"line":313,"column":6},"end":{"line":313,"column":70}},"52":{"start":{"line":315,"column":4},"end":{"line":331,"column":5}},"53":{"start":{"line":316,"column":26},"end":{"line":318,"column":null}},"54":{"start":{"line":321,"column":6},"end":{"line":325,"column":10}},"55":{"start":{"line":322,"column":8},"end":{"line":325,"column":10}},"56":{"start":{"line":327,"column":6},"end":{"line":327,"column":79}},"57":{"start":{"line":329,"column":6},"end":{"line":329,"column":48}},"58":{"start":{"line":329,"column":38},"end":{"line":329,"column":48}},"59":{"start":{"line":330,"column":6},"end":{"line":330,"column":65}},"60":{"start":{"line":345,"column":4},"end":{"line":346,"column":74}},"61":{"start":{"line":346,"column":6},"end":{"line":346,"column":74}},"62":{"start":{"line":348,"column":4},"end":{"line":349,"column":70}},"63":{"start":{"line":349,"column":6},"end":{"line":349,"column":70}},"64":{"start":{"line":351,"column":4},"end":{"line":367,"column":5}},"65":{"start":{"line":352,"column":26},"end":{"line":354,"column":null}},"66":{"start":{"line":357,"column":6},"end":{"line":361,"column":10}},"67":{"start":{"line":358,"column":8},"end":{"line":361,"column":10}},"68":{"start":{"line":363,"column":6},"end":{"line":363,"column":81}},"69":{"start":{"line":365,"column":6},"end":{"line":365,"column":48}},"70":{"start":{"line":365,"column":38},"end":{"line":365,"column":48}},"71":{"start":{"line":366,"column":6},"end":{"line":366,"column":65}},"72":{"start":{"line":384,"column":4},"end":{"line":384,"column":85}},"73":{"start":{"line":401,"column":4},"end":{"line":401,"column":89}},"74":{"start":{"line":412,"column":4},"end":{"line":412,"column":61}},"75":{"start":{"line":416,"column":0},"end":{"line":416,"column":29}}},"fnMap":{"0":{"name":"(anonymous_1)","decl":{"start":{"line":23,"column":2},"end":{"line":23,"column":25}},"loc":{"start":{"line":23,"column":2},"end":{"line":23,"column":26}}},"1":{"name":"(anonymous_2)","decl":{"start":{"line":32,"column":9},"end":{"line":32,"column":15}},"loc":{"start":{"line":32,"column":66},"end":{"line":34,"column":3}}},"2":{"name":"(anonymous_3)","decl":{"start":{"line":48,"column":9},"end":{"line":48,"column":15}},"loc":{"start":{"line":49,"column":38},"end":{"line":52,"column":3}}},"3":{"name":"(anonymous_4)","decl":{"start":{"line":68,"column":9},"end":{"line":68,"column":15}},"loc":{"start":{"line":73,"column":28},"end":{"line":93,"column":3}}},"4":{"name":"(anonymous_5)","decl":{"start":{"line":106,"column":9},"end":{"line":106,"column":15}},"loc":{"start":{"line":106,"column":50},"end":{"line":122,"column":3}}},"5":{"name":"(anonymous_6)","decl":{"start":{"line":133,"column":9},"end":{"line":133,"column":15}},"loc":{"start":{"line":133,"column":46},"end":{"line":146,"column":3}}},"6":{"name":"(anonymous_7)","decl":{"start":{"line":157,"column":9},"end":{"line":157,"column":15}},"loc":{"start":{"line":157,"column":30},"end":{"line":168,"column":3}}},"7":{"name":"(anonymous_8)","decl":{"start":{"line":178,"column":9},"end":{"line":178,"column":15}},"loc":{"start":{"line":180,"column":34},"end":{"line":186,"column":3}}},"8":{"name":"(anonymous_9)","decl":{"start":{"line":195,"column":9},"end":{"line":195,"column":15}},"loc":{"start":{"line":195,"column":87},"end":{"line":197,"column":3}}},"9":{"name":"(anonymous_10)","decl":{"start":{"line":208,"column":9},"end":{"line":208,"column":15}},"loc":{"start":{"line":211,"column":26},"end":{"line":214,"column":3}}},"10":{"name":"(anonymous_11)","decl":{"start":{"line":216,"column":9},"end":{"line":216,"column":15}},"loc":{"start":{"line":216,"column":31},"end":{"line":216,"column":36}}},"11":{"name":"(anonymous_12)","decl":{"start":{"line":229,"column":9},"end":{"line":229,"column":15}},"loc":{"start":{"line":229,"column":42},"end":{"line":240,"column":3}}},"12":{"name":"(anonymous_13)","decl":{"start":{"line":254,"column":9},"end":{"line":254,"column":15}},"loc":{"start":{"line":255,"column":30},"end":{"line":258,"column":3}}},"13":{"name":"(anonymous_14)","decl":{"start":{"line":271,"column":9},"end":{"line":271,"column":15}},"loc":{"start":{"line":276,"column":19},"end":{"line":285,"column":3}}},"14":{"name":"(anonymous_15)","decl":{"start":{"line":294,"column":9},"end":{"line":294,"column":15}},"loc":{"start":{"line":294,"column":83},"end":{"line":296,"column":3}}},"15":{"name":"(anonymous_16)","decl":{"start":{"line":305,"column":9},"end":{"line":305,"column":15}},"loc":{"start":{"line":307,"column":26},"end":{"line":332,"column":3}}},"16":{"name":"(anonymous_17)","decl":{"start":{"line":341,"column":9},"end":{"line":341,"column":15}},"loc":{"start":{"line":343,"column":26},"end":{"line":368,"column":3}}},"17":{"name":"(anonymous_18)","decl":{"start":{"line":380,"column":9},"end":{"line":380,"column":15}},"loc":{"start":{"line":382,"column":21},"end":{"line":385,"column":3}}},"18":{"name":"(anonymous_19)","decl":{"start":{"line":397,"column":9},"end":{"line":397,"column":15}},"loc":{"start":{"line":399,"column":21},"end":{"line":402,"column":3}}},"19":{"name":"(anonymous_20)","decl":{"start":{"line":411,"column":9},"end":{"line":411,"column":15}},"loc":{"start":{"line":411,"column":71},"end":{"line":413,"column":3}}}},"branchMap":{"0":{"loc":{"start":{"line":75,"column":4},"end":{"line":92,"column":8}},"type":"if","locations":[{"start":{"line":75,"column":4},"end":{"line":92,"column":8}},{"start":{"line":87,"column":6},"end":{"line":92,"column":8}}]},"1":{"loc":{"start":{"line":76,"column":6},"end":{"line":80,"column":35}},"type":"binary-expr","locations":[{"start":{"line":76,"column":6},"end":{"line":76,"column":46}},{"start":{"line":77,"column":6},"end":{"line":77,"column":42}},{"start":{"line":78,"column":6},"end":{"line":78,"column":51}},{"start":{"line":79,"column":6},"end":{"line":79,"column":26}},{"start":{"line":80,"column":6},"end":{"line":80,"column":35}}]},"2":{"loc":{"start":{"line":112,"column":6},"end":{"line":117,"column":49}},"type":"if","locations":[{"start":{"line":112,"column":6},"end":{"line":117,"column":49}},{"start":{"line":117,"column":11},"end":{"line":117,"column":49}}]},"3":{"loc":{"start":{"line":119,"column":6},"end":{"line":119,"column":48}},"type":"if","locations":[{"start":{"line":119,"column":6},"end":{"line":119,"column":48}}]},"4":{"loc":{"start":{"line":139,"column":6},"end":{"line":141,"column":45}},"type":"if","locations":[{"start":{"line":139,"column":6},"end":{"line":141,"column":45}},{"start":{"line":141,"column":11},"end":{"line":141,"column":45}}]},"5":{"loc":{"start":{"line":143,"column":6},"end":{"line":143,"column":48}},"type":"if","locations":[{"start":{"line":143,"column":6},"end":{"line":143,"column":48}}]},"6":{"loc":{"start":{"line":161,"column":6},"end":{"line":163,"column":29}},"type":"if","locations":[{"start":{"line":161,"column":6},"end":{"line":163,"column":29}},{"start":{"line":163,"column":11},"end":{"line":163,"column":29}}]},"7":{"loc":{"start":{"line":165,"column":6},"end":{"line":165,"column":48}},"type":"if","locations":[{"start":{"line":165,"column":6},"end":{"line":165,"column":48}}]},"8":{"loc":{"start":{"line":233,"column":6},"end":{"line":235,"column":41}},"type":"if","locations":[{"start":{"line":233,"column":6},"end":{"line":235,"column":41}},{"start":{"line":235,"column":11},"end":{"line":235,"column":41}}]},"9":{"loc":{"start":{"line":237,"column":6},"end":{"line":237,"column":48}},"type":"if","locations":[{"start":{"line":237,"column":6},"end":{"line":237,"column":48}}]},"10":{"loc":{"start":{"line":309,"column":4},"end":{"line":310,"column":74}},"type":"if","locations":[{"start":{"line":309,"column":4},"end":{"line":310,"column":74}}]},"11":{"loc":{"start":{"line":312,"column":4},"end":{"line":313,"column":70}},"type":"if","locations":[{"start":{"line":312,"column":4},"end":{"line":313,"column":70}}]},"12":{"loc":{"start":{"line":321,"column":6},"end":{"line":325,"column":10}},"type":"if","locations":[{"start":{"line":321,"column":6},"end":{"line":325,"column":10}}]},"13":{"loc":{"start":{"line":329,"column":6},"end":{"line":329,"column":48}},"type":"if","locations":[{"start":{"line":329,"column":6},"end":{"line":329,"column":48}}]},"14":{"loc":{"start":{"line":345,"column":4},"end":{"line":346,"column":74}},"type":"if","locations":[{"start":{"line":345,"column":4},"end":{"line":346,"column":74}}]},"15":{"loc":{"start":{"line":348,"column":4},"end":{"line":349,"column":70}},"type":"if","locations":[{"start":{"line":348,"column":4},"end":{"line":349,"column":70}}]},"16":{"loc":{"start":{"line":357,"column":6},"end":{"line":361,"column":10}},"type":"if","locations":[{"start":{"line":357,"column":6},"end":{"line":361,"column":10}}]},"17":{"loc":{"start":{"line":365,"column":6},"end":{"line":365,"column":48}},"type":"if","locations":[{"start":{"line":365,"column":6},"end":{"line":365,"column":48}}]}},"s":{"0":1,"1":1,"2":1,"3":1,"4":1,"5":1,"6":7,"7":2,"8":1,"9":1,"10":5,"11":5,"12":3,"13":2,"14":1,"15":4,"16":2,"17":2,"18":5,"19":5,"20":3,"21":2,"22":1,"23":4,"24":2,"25":2,"26":5,"27":5,"28":3,"29":2,"30":1,"31":4,"32":2,"33":2,"34":1,"35":1,"36":1,"37":5,"38":5,"39":3,"40":2,"41":1,"42":4,"43":2,"44":2,"45":7,"46":1,"47":1,"48":9,"49":2,"50":7,"51":2,"52":5,"53":5,"54":3,"55":2,"56":1,"57":4,"58":2,"59":2,"60":9,"61":2,"62":7,"63":2,"64":5,"65":5,"66":3,"67":2,"68":1,"69":4,"70":2,"71":2,"72":1,"73":1,"74":1,"75":1},"f":{"0":0,"1":1,"2":7,"3":2,"4":5,"5":5,"6":5,"7":1,"8":1,"9":1,"10":0,"11":5,"12":7,"13":1,"14":1,"15":9,"16":9,"17":1,"18":1,"19":1},"b":{"0":[1,1],"1":[2,2,1,1,1],"2":[2,1],"3":[2],"4":[2,1],"5":[2],"6":[2,1],"7":[2],"8":[2,1],"9":[2],"10":[2],"11":[2],"12":[2],"13":[2],"14":[2],"15":[2],"16":[2],"17":[2]}}
}
