TN:
SF:ServerError.ts
FN:4,(anonymous_0)
FNF:1
FNH:1
FNDA:228,(anonymous_0)
DA:5,228
DA:6,228
DA:7,228
DA:11,5
LF:4
LH:4
BRF:0
BRH:0
end_of_record
TN:
SF:src/Cleaning/API/CleaningTask.ts
FN:12,(anonymous_1)
FN:22,(anonymous_2)
FN:50,(anonymous_3)
FNF:3
FNH:2
FNDA:0,(anonymous_1)
FNDA:11,(anonymous_2)
FNDA:8,(anonymous_3)
DA:1,3
DA:2,3
DA:23,11
DA:24,2
DA:26,9
DA:28,7
DA:29,7
DA:34,5
DA:36,2
DA:51,8
DA:52,4
DA:54,4
DA:55,4
DA:63,2
DA:64,1
DA:66,1
DA:68,3
DA:69,2
DA:74,3
LF:19
LH:19
BRDA:23,0,0,2
BRDA:26,1,0,2
BRDA:51,2,0,4
BRDA:63,3,0,1
BRDA:68,4,0,1
BRF:5
BRH:5
end_of_record
TN:
SF:src/Cleaning/API/CleaningTaskList.ts
FN:17,(anonymous_1)
FN:28,(anonymous_2)
FN:56,(anonymous_3)
FN:114,(anonymous_4)
FN:146,(anonymous_5)
FN:234,(anonymous_6)
FN:277,(anonymous_7)
FN:312,(anonymous_8)
FN:347,(anonymous_9)
FN:380,(anonymous_10)
FN:412,(anonymous_11)
FN:442,(anonymous_12)
FNF:12
FNH:11
FNDA:0,(anonymous_1)
FNDA:9,(anonymous_2)
FNDA:4,(anonymous_3)
FNDA:14,(anonymous_4)
FNDA:41,(anonymous_5)
FNDA:5,(anonymous_6)
FNDA:12,(anonymous_7)
FNDA:10,(anonymous_8)
FNDA:12,(anonymous_9)
FNDA:12,(anonymous_10)
FNDA:5,(anonymous_11)
FNDA:24,(anonymous_12)
DA:1,2
DA:3,2
DA:4,2
DA:5,2
DA:6,2
DA:33,9
DA:34,1
DA:36,8
DA:37,1
DA:39,7
DA:41,6
DA:42,1
DA:44,5
DA:52,5
DA:53,1
DA:55,4
DA:56,4
DA:58,4
DA:67,3
DA:69,3
DA:71,3
DA:72,3
DA:76,2
DA:77,1
DA:81,2
DA:83,2
DA:84,2
DA:86,2
DA:95,2
DA:98,2
DA:99,1
DA:117,14
DA:118,4
DA:120,10
DA:121,10
DA:126,6
DA:127,4
DA:128,2
DA:130,8
DA:131,4
DA:153,41
DA:154,4
DA:157,37
DA:164,11
DA:165,4
DA:167,7
DA:169,7
DA:170,5
DA:173,3
DA:182,1
DA:184,6
DA:185,2
DA:190,26
DA:197,11
DA:198,4
DA:200,7
DA:201,4
DA:203,3
DA:204,3
DA:213,1
DA:215,2
DA:220,15
DA:227,13
DA:228,4
DA:230,9
DA:231,4
DA:233,5
DA:234,5
DA:236,5
DA:246,3
DA:249,3
DA:259,1
DA:261,1
DA:264,4
DA:268,2
DA:280,12
DA:281,2
DA:283,10
DA:285,10
DA:291,8
DA:292,2
DA:294,6
DA:296,6
DA:298,4
DA:299,2
DA:301,8
DA:302,2
DA:313,10
DA:314,2
DA:316,8
DA:318,8
DA:324,6
DA:325,2
DA:327,4
DA:329,4
DA:331,2
DA:332,2
DA:334,6
DA:335,2
DA:351,12
DA:353,4
DA:354,4
DA:359,2
DA:360,1
DA:362,1
DA:364,3
DA:365,2
DA:384,12
DA:386,4
DA:387,4
DA:392,2
DA:393,1
DA:395,1
DA:397,3
DA:398,2
DA:413,5
DA:414,1
DA:416,4
DA:417,4
DA:425,3
DA:426,1
DA:428,2
DA:430,2
DA:431,1
DA:443,24
DA:445,20
DA:447,16
DA:448,8
DA:452,2
LF:129
LH:129
BRDA:33,0,0,1
BRDA:36,1,0,1
BRDA:36,2,0,8
BRDA:36,2,1,7
BRDA:39,3,0,1
BRDA:41,4,0,1
BRDA:41,5,0,6
BRDA:41,5,1,6
BRDA:52,6,0,1
BRDA:76,7,0,1
BRDA:76,7,1,1
BRDA:76,8,0,2
BRDA:76,8,1,2
BRDA:98,9,0,1
BRDA:117,10,0,4
BRDA:126,11,0,4
BRDA:126,11,1,2
BRDA:130,12,0,4
BRDA:153,13,0,4
BRDA:153,14,0,41
BRDA:153,14,1,39
BRDA:157,15,0,11
BRDA:158,16,0,37
BRDA:158,16,1,37
BRDA:158,16,2,11
BRDA:158,16,3,11
BRDA:158,16,4,11
BRDA:164,17,0,4
BRDA:164,18,0,11
BRDA:164,18,1,9
BRDA:184,19,0,4
BRDA:190,20,0,11
BRDA:191,21,0,26
BRDA:191,21,1,26
BRDA:191,21,2,26
BRDA:191,21,3,24
BRDA:191,21,4,11
BRDA:197,22,0,4
BRDA:197,23,0,11
BRDA:197,23,1,9
BRDA:200,24,0,4
BRDA:200,25,0,7
BRDA:200,25,1,5
BRDA:220,26,0,13
BRDA:221,27,0,15
BRDA:221,27,1,15
BRDA:221,27,2,15
BRDA:221,27,3,13
BRDA:221,27,4,13
BRDA:227,28,0,4
BRDA:227,29,0,13
BRDA:227,29,1,9
BRDA:230,30,0,4
BRDA:230,31,0,9
BRDA:230,31,1,5
BRDA:280,32,0,2
BRDA:291,33,0,2
BRDA:296,34,0,4
BRDA:296,34,1,2
BRDA:301,35,0,6
BRDA:313,36,0,2
BRDA:324,37,0,2
BRDA:329,38,0,2
BRDA:329,38,1,2
BRDA:334,39,0,4
BRDA:359,40,0,1
BRDA:364,41,0,1
BRDA:392,42,0,1
BRDA:397,43,0,1
BRDA:413,44,0,1
BRDA:425,45,0,1
BRDA:430,46,0,1
BRDA:443,47,0,4
BRDA:445,48,0,4
BRDA:447,49,0,8
BRDA:447,50,0,16
BRDA:447,50,1,12
BRF:77
BRH:77
end_of_record
TN:
SF:src/Cleaning/API/CleaningTaskTemplate.ts
FN:11,(anonymous_1)
FN:20,(anonymous_2)
FN:49,(anonymous_3)
FNF:3
FNH:2
FNDA:0,(anonymous_1)
FNDA:7,(anonymous_2)
FNDA:7,(anonymous_3)
DA:1,3
DA:2,3
DA:21,7
DA:22,4
DA:24,3
DA:25,3
DA:33,1
DA:35,2
DA:50,7
DA:51,4
DA:53,3
DA:54,3
DA:62,1
DA:64,2
DA:72,3
LF:15
LH:15
BRDA:21,0,0,4
BRDA:21,1,0,7
BRDA:21,1,1,5
BRDA:50,2,0,4
BRDA:50,3,0,7
BRDA:50,3,1,5
BRF:6
BRH:6
end_of_record
TN:
SF:src/Cleaning/API/CleaningTaskTemplateList.ts
FN:14,(anonymous_1)
FN:23,(anonymous_2)
FN:56,(anonymous_3)
FN:92,(anonymous_4)
FN:130,(anonymous_5)
FN:155,(anonymous_6)
FN:199,(anonymous_7)
FN:252,(anonymous_8)
FN:294,(anonymous_9)
FN:327,(anonymous_10)
FN:351,(anonymous_11)
FNF:11
FNH:10
FNDA:0,(anonymous_1)
FNDA:4,(anonymous_2)
FNDA:14,(anonymous_3)
FNDA:7,(anonymous_4)
FNDA:16,(anonymous_5)
FNDA:3,(anonymous_6)
FNDA:3,(anonymous_7)
FNDA:8,(anonymous_8)
FNDA:5,(anonymous_9)
FNDA:7,(anonymous_10)
FNDA:2,(anonymous_11)
DA:1,3
DA:2,3
DA:24,4
DA:25,2
DA:27,2
DA:28,2
DA:37,1
DA:39,1
DA:59,14
DA:60,4
DA:63,10
DA:64,10
DA:69,6
DA:70,4
DA:74,2
DA:76,8
DA:77,4
DA:96,7
DA:97,2
DA:99,5
DA:100,2
DA:102,3
DA:103,3
DA:111,1
DA:113,2
DA:136,16
DA:137,3
DA:139,13
DA:143,2
DA:146,11
DA:152,5
DA:154,3
DA:155,3
DA:157,3
DA:166,1
DA:169,1
DA:178,1
DA:181,2
DA:189,6
DA:195,5
DA:196,2
DA:198,3
DA:199,3
DA:201,3
DA:210,3
DA:213,3
DA:222,1
DA:225,1
DA:234,1
DA:237,2
DA:241,1
DA:256,8
DA:257,2
DA:259,6
DA:260,2
DA:262,4
DA:263,4
DA:271,2
DA:272,1
DA:277,1
DA:279,3
DA:280,2
DA:295,5
DA:296,2
DA:298,3
DA:299,3
DA:307,2
DA:308,1
DA:310,1
DA:312,2
DA:313,1
DA:330,7
DA:331,2
DA:333,5
DA:334,5
DA:342,3
DA:343,2
DA:348,1
DA:351,1
DA:352,2
DA:355,1
DA:357,4
DA:358,2
DA:363,3
LF:84
LH:84
BRDA:24,0,0,2
BRDA:24,1,0,4
BRDA:24,1,1,3
BRDA:59,2,0,4
BRDA:69,3,0,4
BRDA:69,3,1,2
BRDA:76,4,0,4
BRDA:96,5,0,2
BRDA:99,6,0,2
BRDA:136,7,0,3
BRDA:139,8,0,2
BRDA:140,9,0,13
BRDA:140,9,1,12
BRDA:146,10,0,5
BRDA:147,11,0,11
BRDA:147,11,1,11
BRDA:147,11,2,11
BRDA:147,11,3,5
BRDA:152,12,0,2
BRDA:189,13,0,5
BRDA:190,14,0,6
BRDA:190,14,1,6
BRDA:190,14,2,6
BRDA:190,14,3,6
BRDA:195,15,0,2
BRDA:195,16,0,5
BRDA:195,16,1,4
BRDA:256,17,0,2
BRDA:259,18,0,2
BRDA:271,19,0,1
BRDA:279,20,0,1
BRDA:295,21,0,2
BRDA:307,22,0,1
BRDA:312,23,0,1
BRDA:330,24,0,2
BRDA:342,25,0,2
BRDA:357,26,0,2
BRF:37
BRH:37
end_of_record
TN:
SF:src/Cleaning/API/LCMS_Cleaning.ts
FN:23,(anonymous_1)
FN:32,(anonymous_2)
FN:48,(anonymous_3)
FN:68,(anonymous_4)
FN:106,(anonymous_5)
FN:133,(anonymous_6)
FN:157,(anonymous_7)
FN:178,(anonymous_8)
FN:195,(anonymous_9)
FN:208,(anonymous_10)
FN:216,(anonymous_11)
FN:229,(anonymous_12)
FN:254,(anonymous_13)
FN:271,(anonymous_14)
FN:294,(anonymous_15)
FN:305,(anonymous_16)
FN:341,(anonymous_17)
FN:380,(anonymous_18)
FN:397,(anonymous_19)
FN:411,(anonymous_20)
FNF:20
FNH:18
FNDA:0,(anonymous_1)
FNDA:1,(anonymous_2)
FNDA:7,(anonymous_3)
FNDA:2,(anonymous_4)
FNDA:5,(anonymous_5)
FNDA:5,(anonymous_6)
FNDA:5,(anonymous_7)
FNDA:1,(anonymous_8)
FNDA:1,(anonymous_9)
FNDA:1,(anonymous_10)
FNDA:0,(anonymous_11)
FNDA:5,(anonymous_12)
FNDA:7,(anonymous_13)
FNDA:1,(anonymous_14)
FNDA:1,(anonymous_15)
FNDA:9,(anonymous_16)
FNDA:9,(anonymous_17)
FNDA:1,(anonymous_18)
FNDA:1,(anonymous_19)
FNDA:1,(anonymous_20)
DA:1,1
DA:2,1
DA:12,1
DA:13,1
DA:14,1
DA:33,1
DA:51,7
DA:75,2
DA:82,1
DA:87,1
DA:109,5
DA:110,5
DA:112,3
DA:113,2
DA:117,1
DA:119,4
DA:120,2
DA:136,5
DA:137,5
DA:139,3
DA:140,2
DA:141,1
DA:143,4
DA:144,2
DA:158,5
DA:159,5
DA:161,3
DA:162,2
DA:163,1
DA:165,4
DA:166,2
DA:182,1
DA:196,1
DA:213,1
DA:230,5
DA:231,5
DA:233,3
DA:234,2
DA:235,1
DA:237,4
DA:238,2
DA:257,7
DA:278,1
DA:295,1
DA:309,9
DA:310,2
DA:312,7
DA:313,2
DA:315,5
DA:316,5
DA:321,3
DA:322,2
DA:327,1
DA:329,4
DA:330,2
DA:345,9
DA:346,2
DA:348,7
DA:349,2
DA:351,5
DA:352,5
DA:357,3
DA:358,2
DA:363,1
DA:365,4
DA:366,2
DA:384,1
DA:401,1
DA:412,1
DA:416,1
LF:70
LH:70
BRDA:75,0,0,1
BRDA:75,0,1,1
BRDA:76,1,0,2
BRDA:76,1,1,2
BRDA:76,1,2,1
BRDA:76,1,3,1
BRDA:76,1,4,1
BRDA:112,2,0,2
BRDA:112,2,1,1
BRDA:119,3,0,2
BRDA:139,4,0,2
BRDA:139,4,1,1
BRDA:143,5,0,2
BRDA:161,6,0,2
BRDA:161,6,1,1
BRDA:165,7,0,2
BRDA:233,8,0,2
BRDA:233,8,1,1
BRDA:237,9,0,2
BRDA:309,10,0,2
BRDA:312,11,0,2
BRDA:321,12,0,2
BRDA:329,13,0,2
BRDA:345,14,0,2
BRDA:348,15,0,2
BRDA:357,16,0,2
BRDA:365,17,0,2
BRF:27
BRH:27
end_of_record
